2025-08-13T13:30:46.937+09:00  INFO 8924 --- [MySpringBoot3Project] [restartedMain] c.r.m.MySpringBoot3ProjectApplication    : Starting MySpringBoot3ProjectApplication using Java 17.0.2 with PID 8924 (C:\mybackend\SpringBoot\MySpringBoot3Project\target\classes started by user in C:\mybackend\SpringBoot\MySpringBoot3Project)
2025-08-13T13:30:46.939+09:00  INFO 8924 --- [MySpringBoot3Project] [restartedMain] c.r.m.MySpringBoot3ProjectApplication    : The following 1 profile is active: "test"
2025-08-13T13:30:47.190+09:00  INFO 8924 --- [MySpringBoot3Project] [restartedMain] .s.d.r.c.RepositoryConfigurationDelegate : Bootstrapping Spring Data JPA repositories in DEFAULT mode.
2025-08-13T13:30:47.192+09:00  INFO 8924 --- [MySpringBoot3Project] [restartedMain] .s.d.r.c.RepositoryConfigurationDelegate : Finished Spring Data repository scanning in 1 ms. Found 0 JPA repository interfaces.
2025-08-13T13:30:47.263+09:00  INFO 8924 --- [MySpringBoot3Project] [restartedMain] o.s.b.w.embedded.tomcat.TomcatWebServer  : Tomcat initialized with port 8080 (http)
2025-08-13T13:30:47.263+09:00  INFO 8924 --- [MySpringBoot3Project] [restartedMain] o.apache.catalina.core.StandardService   : Starting service [Tomcat]
2025-08-13T13:30:47.263+09:00  INFO 8924 --- [MySpringBoot3Project] [restartedMain] o.apache.catalina.core.StandardEngine    : Starting Servlet engine: [Apache Tomcat/10.1.43]
2025-08-13T13:30:47.284+09:00  INFO 8924 --- [MySpringBoot3Project] [restartedMain] o.a.c.c.C.[Tomcat].[localhost].[/]       : Initializing Spring embedded WebApplicationContext
2025-08-13T13:30:47.284+09:00  INFO 8924 --- [MySpringBoot3Project] [restartedMain] w.s.c.ServletWebServerApplicationContext : Root WebApplicationContext: initialization completed in 344 ms
2025-08-13T13:30:47.328+09:00  INFO 8924 --- [MySpringBoot3Project] [restartedMain] com.zaxxer.hikari.HikariDataSource       : HikariPool-2 - Starting...
2025-08-13T13:30:47.329+09:00  INFO 8924 --- [MySpringBoot3Project] [restartedMain] com.zaxxer.hikari.pool.HikariPool        : HikariPool-2 - Added connection conn50: url=jdbc:h2:mem:701b4900-e73f-49f1-9a5c-33cecf105be7 user=SA
2025-08-13T13:30:47.331+09:00  INFO 8924 --- [MySpringBoot3Project] [restartedMain] com.zaxxer.hikari.HikariDataSource       : HikariPool-2 - Start completed.
2025-08-13T13:30:47.333+09:00  INFO 8924 --- [MySpringBoot3Project] [restartedMain] o.hibernate.jpa.internal.util.LogHelper  : HHH000204: Processing PersistenceUnitInfo [name: default]
2025-08-13T13:30:47.334+09:00  INFO 8924 --- [MySpringBoot3Project] [restartedMain] o.h.c.internal.RegionFactoryInitiator    : HHH000026: Second-level cache disabled
2025-08-13T13:30:47.349+09:00  INFO 8924 --- [MySpringBoot3Project] [restartedMain] o.s.o.j.p.SpringPersistenceUnitInfo      : No LoadTimeWeaver setup: ignoring JPA class transformer
2025-08-13T13:30:47.351+09:00  INFO 8924 --- [MySpringBoot3Project] [restartedMain] org.hibernate.orm.connections.pooling    : HHH10001005: Database info:
	Database JDBC URL [Connecting through datasource 'HikariDataSource (HikariPool-2)']
	Database driver: undefined/unknown
	Database version: 2.3.232
	Autocommit mode: undefined/unknown
	Isolation level: undefined/unknown
	Minimum pool size: undefined/unknown
	Maximum pool size: undefined/unknown
2025-08-13T13:30:47.366+09:00  INFO 8924 --- [MySpringBoot3Project] [restartedMain] o.h.e.t.j.p.i.JtaPlatformInitiator       : HHH000489: No JTA platform available (set 'hibernate.transaction.jta.platform' to enable JTA platform integration)
2025-08-13T13:30:47.366+09:00  INFO 8924 --- [MySpringBoot3Project] [restartedMain] j.LocalContainerEntityManagerFactoryBean : Initialized JPA EntityManagerFactory for persistence unit 'default'
2025-08-13T13:30:47.389+09:00  WARN 8924 --- [MySpringBoot3Project] [restartedMain] JpaBaseConfiguration$JpaWebConfiguration : spring.jpa.open-in-view is enabled by default. Therefore, database queries may be performed during view rendering. Explicitly configure spring.jpa.open-in-view to disable this warning
2025-08-13T13:30:47.445+09:00  WARN 8924 --- [MySpringBoot3Project] [restartedMain] ion$DefaultTemplateResolverConfiguration : Cannot find template location: classpath:/templates/ (please add some templates, check your Thymeleaf configuration, or set spring.thymeleaf.check-template-location=false)
2025-08-13T13:30:47.629+09:00  INFO 8924 --- [MySpringBoot3Project] [restartedMain] o.s.b.a.h2.H2ConsoleAutoConfiguration    : H2 console available at '/h2-console'. Database available at 'jdbc:h2:mem:701b4900-e73f-49f1-9a5c-33cecf105be7'
2025-08-13T13:30:47.635+09:00  INFO 8924 --- [MySpringBoot3Project] [restartedMain] o.s.b.d.a.OptionalLiveReloadServer       : LiveReload server is running on port 35729
2025-08-13T13:30:47.638+09:00  INFO 8924 --- [MySpringBoot3Project] [restartedMain] o.s.b.a.e.web.EndpointLinksResolver      : Exposing 1 endpoint beneath base path '/actuator'
2025-08-13T13:30:47.671+09:00  INFO 8924 --- [MySpringBoot3Project] [restartedMain] o.s.b.w.embedded.tomcat.TomcatWebServer  : Tomcat started on port 8080 (http) with context path '/'
2025-08-13T13:30:47.678+09:00  INFO 8924 --- [MySpringBoot3Project] [restartedMain] c.r.m.MySpringBoot3ProjectApplication    : Started MySpringBoot3ProjectApplication in 0.806 seconds (process running for 7757.614)
2025-08-13T13:30:47.684+09:00  INFO 8924 --- [MySpringBoot3Project] [restartedMain] .ConditionEvaluationDeltaLoggingListener : Condition evaluation unchanged
2025-08-13T13:33:57.020+09:00  INFO 8924 --- [MySpringBoot3Project] [File Watcher] rtingClassPathChangeChangedEventListener : Restarting due to 2 class path changes (0 additions, 0 deletions, 2 modifications)
2025-08-13T13:33:57.025+09:00  INFO 8924 --- [MySpringBoot3Project] [Thread-7] o.s.b.w.e.tomcat.GracefulShutdown        : Commencing graceful shutdown. Waiting for active requests to complete
2025-08-13T13:33:57.139+09:00  INFO 8924 --- [MySpringBoot3Project] [tomcat-shutdown] o.s.b.w.e.tomcat.GracefulShutdown        : Graceful shutdown complete
2025-08-13T13:33:57.140+09:00  INFO 8924 --- [MySpringBoot3Project] [Thread-7] j.LocalContainerEntityManagerFactoryBean : Closing JPA EntityManagerFactory for persistence unit 'default'
2025-08-13T13:33:57.141+09:00  WARN 8924 --- [MySpringBoot3Project] [Thread-7] o.s.b.f.support.DisposableBeanAdapter    : Invocation of destroy method failed on bean with name 'inMemoryDatabaseShutdownExecutor': org.h2.jdbc.JdbcSQLNonTransientConnectionException: Database is already closed (to disable automatic closing at VM shutdown, add ";DB_CLOSE_ON_EXIT=FALSE" to the db URL) [90121-232]
2025-08-13T13:33:57.141+09:00  INFO 8924 --- [MySpringBoot3Project] [Thread-7] com.zaxxer.hikari.HikariDataSource       : HikariPool-2 - Shutdown initiated...
2025-08-13T13:33:57.142+09:00  INFO 8924 --- [MySpringBoot3Project] [Thread-7] com.zaxxer.hikari.HikariDataSource       : HikariPool-2 - Shutdown completed.
2025-08-13T13:33:57.224+09:00  INFO 8924 --- [MySpringBoot3Project] [restartedMain] c.r.m.MySpringBoot3ProjectApplication    : Starting MySpringBoot3ProjectApplication using Java 17.0.2 with PID 8924 (C:\mybackend\SpringBoot\MySpringBoot3Project\target\classes started by user in C:\mybackend\SpringBoot\MySpringBoot3Project)
2025-08-13T13:33:57.225+09:00 DEBUG 8924 --- [MySpringBoot3Project] [restartedMain] c.r.m.MySpringBoot3ProjectApplication    : Running with Spring Boot v3.4.8, Spring v6.2.8
2025-08-13T13:33:57.225+09:00  INFO 8924 --- [MySpringBoot3Project] [restartedMain] c.r.m.MySpringBoot3ProjectApplication    : The following 1 profile is active: "test"
2025-08-13T13:33:57.424+09:00  INFO 8924 --- [MySpringBoot3Project] [restartedMain] .s.d.r.c.RepositoryConfigurationDelegate : Bootstrapping Spring Data JPA repositories in DEFAULT mode.
2025-08-13T13:33:57.426+09:00  INFO 8924 --- [MySpringBoot3Project] [restartedMain] .s.d.r.c.RepositoryConfigurationDelegate : Finished Spring Data repository scanning in 1 ms. Found 0 JPA repository interfaces.
2025-08-13T13:33:57.494+09:00  INFO 8924 --- [MySpringBoot3Project] [restartedMain] o.s.b.w.embedded.tomcat.TomcatWebServer  : Tomcat initialized with port 8080 (http)
2025-08-13T13:33:57.495+09:00  INFO 8924 --- [MySpringBoot3Project] [restartedMain] o.apache.catalina.core.StandardService   : Starting service [Tomcat]
2025-08-13T13:33:57.495+09:00  INFO 8924 --- [MySpringBoot3Project] [restartedMain] o.apache.catalina.core.StandardEngine    : Starting Servlet engine: [Apache Tomcat/10.1.43]
2025-08-13T13:33:57.508+09:00  INFO 8924 --- [MySpringBoot3Project] [restartedMain] o.a.c.c.C.[Tomcat].[localhost].[/]       : Initializing Spring embedded WebApplicationContext
2025-08-13T13:33:57.508+09:00  INFO 8924 --- [MySpringBoot3Project] [restartedMain] w.s.c.ServletWebServerApplicationContext : Root WebApplicationContext: initialization completed in 282 ms
2025-08-13T13:33:57.541+09:00  INFO 8924 --- [MySpringBoot3Project] [restartedMain] com.zaxxer.hikari.HikariDataSource       : HikariPool-3 - Starting...
2025-08-13T13:33:57.543+09:00  INFO 8924 --- [MySpringBoot3Project] [restartedMain] com.zaxxer.hikari.pool.HikariPool        : HikariPool-3 - Added connection conn60: url=jdbc:h2:mem:6137c925-d85d-4edd-acf0-6570854a7334 user=SA
2025-08-13T13:33:57.543+09:00  INFO 8924 --- [MySpringBoot3Project] [restartedMain] com.zaxxer.hikari.HikariDataSource       : HikariPool-3 - Start completed.
2025-08-13T13:33:57.545+09:00  INFO 8924 --- [MySpringBoot3Project] [restartedMain] o.hibernate.jpa.internal.util.LogHelper  : HHH000204: Processing PersistenceUnitInfo [name: default]
2025-08-13T13:33:57.547+09:00  INFO 8924 --- [MySpringBoot3Project] [restartedMain] o.h.c.internal.RegionFactoryInitiator    : HHH000026: Second-level cache disabled
2025-08-13T13:33:57.554+09:00  INFO 8924 --- [MySpringBoot3Project] [restartedMain] o.s.o.j.p.SpringPersistenceUnitInfo      : No LoadTimeWeaver setup: ignoring JPA class transformer
2025-08-13T13:33:57.556+09:00  INFO 8924 --- [MySpringBoot3Project] [restartedMain] org.hibernate.orm.connections.pooling    : HHH10001005: Database info:
	Database JDBC URL [Connecting through datasource 'HikariDataSource (HikariPool-3)']
	Database driver: undefined/unknown
	Database version: 2.3.232
	Autocommit mode: undefined/unknown
	Isolation level: undefined/unknown
	Minimum pool size: undefined/unknown
	Maximum pool size: undefined/unknown
2025-08-13T13:33:57.568+09:00  INFO 8924 --- [MySpringBoot3Project] [restartedMain] o.h.e.t.j.p.i.JtaPlatformInitiator       : HHH000489: No JTA platform available (set 'hibernate.transaction.jta.platform' to enable JTA platform integration)
2025-08-13T13:33:57.569+09:00  INFO 8924 --- [MySpringBoot3Project] [restartedMain] j.LocalContainerEntityManagerFactoryBean : Initialized JPA EntityManagerFactory for persistence unit 'default'
2025-08-13T13:33:57.590+09:00  WARN 8924 --- [MySpringBoot3Project] [restartedMain] JpaBaseConfiguration$JpaWebConfiguration : spring.jpa.open-in-view is enabled by default. Therefore, database queries may be performed during view rendering. Explicitly configure spring.jpa.open-in-view to disable this warning
2025-08-13T13:33:57.639+09:00  WARN 8924 --- [MySpringBoot3Project] [restartedMain] ion$DefaultTemplateResolverConfiguration : Cannot find template location: classpath:/templates/ (please add some templates, check your Thymeleaf configuration, or set spring.thymeleaf.check-template-location=false)
2025-08-13T13:33:57.694+09:00  INFO 8924 --- [MySpringBoot3Project] [restartedMain] o.s.b.a.h2.H2ConsoleAutoConfiguration    : H2 console available at '/h2-console'. Database available at 'jdbc:h2:mem:6137c925-d85d-4edd-acf0-6570854a7334'
2025-08-13T13:33:57.702+09:00  INFO 8924 --- [MySpringBoot3Project] [restartedMain] o.s.b.d.a.OptionalLiveReloadServer       : LiveReload server is running on port 35729
2025-08-13T13:33:57.703+09:00  INFO 8924 --- [MySpringBoot3Project] [restartedMain] o.s.b.a.e.web.EndpointLinksResolver      : Exposing 1 endpoint beneath base path '/actuator'
2025-08-13T13:33:57.713+09:00  INFO 8924 --- [MySpringBoot3Project] [restartedMain] o.s.b.w.embedded.tomcat.TomcatWebServer  : Tomcat started on port 8080 (http) with context path '/'
2025-08-13T13:33:57.718+09:00  INFO 8924 --- [MySpringBoot3Project] [restartedMain] c.r.m.MySpringBoot3ProjectApplication    : Started MySpringBoot3ProjectApplication in 0.515 seconds (process running for 7947.654)
2025-08-13T13:33:57.722+09:00  INFO 8924 --- [MySpringBoot3Project] [restartedMain] .ConditionEvaluationDeltaLoggingListener : Condition evaluation unchanged
